2026-02-09 08:47:16,221 [ERROR] CSV não encontrado: W:\B - TED\7 - AUTOMAÇÃO\depara.csv
2026-02-09 09:03:29,730 [ERROR] CSV não encontrado: W:\B - TED\7 - AUTOMAÇÃO\depara.csv
2026-02-09 09:06:57,828 [ERROR] CSV não encontrado: W:\B - TED\7 - AUTOMAÇÃO\depara.csv
2026-02-09 09:07:19,042 [ERROR] CSV não encontrado: W:\B - TED\7 - AUTOMAÇÃO\depara.csv
2026-02-09 09:07:40,303 [ERROR] CSV não encontrado: W:\B - TED\7 - AUTOMAÇÃO\mapa_depara.csv
2026-02-09 09:08:50,071 [ERROR] CSV não encontrado: W:\B - TED - AUTOMAÇÃO\Scripts\database\loaders\mapa_depara.csv
2026-02-09 09:09:18,143 [INFO] Sobrescrevendo: copiando 'NC funcionando - EXERCÍCIO 2026.xlsx' para 'W:\B - TED\7 - AUTOMAÇÃO\NC e PF\NC funcionando - EXERCÍCIO 2026.xlsx'
2026-02-09 09:09:18,310 [INFO] OK: Copiado 'C:\Users\juliodamasio\OneDrive - MEC-Ministério da Educação\Banco de Dados MEC\NC funcionando - EXERCÍCIO 2026.xlsx' → 'W:\B - TED\7 - AUTOMAÇÃO\NC e PF\NC funcionando - EXERCÍCIO 2026.xlsx'
2026-02-09 09:09:18,315 [INFO] Sobrescrevendo: copiando 'NC funcionando - EXERCÍCIO 2026.xlsx' para 'W:\B - TED\7 - AUTOMAÇÃO\Banco de Dados\Orçamentário\NC funcionando - EXERCÍCIO 2026.xlsx'
2026-02-09 09:09:18,392 [INFO] OK: Copiado 'C:\Users\juliodamasio\OneDrive - MEC-Ministério da Educação\Banco de Dados MEC\NC funcionando - EXERCÍCIO 2026.xlsx' → 'W:\B - TED\7 - AUTOMAÇÃO\Banco de Dados\Orçamentário\NC funcionando - EXERCÍCIO 2026.xlsx'
2026-02-09 09:09:18,392 [INFO] Sobrescrevendo: copiando 'PF Legado - Exercício 2026.xlsx' para 'W:\B - TED\7 - AUTOMAÇÃO\NC e PF\PF Legado - Exercício 2026.xlsx'
2026-02-09 09:09:18,520 [INFO] OK: Copiado 'C:\Users\juliodamasio\OneDrive - MEC-Ministério da Educação\Banco de Dados MEC\PF Legado - Exercício 2026.xlsx' → 'W:\B - TED\7 - AUTOMAÇÃO\NC e PF\PF Legado - Exercício 2026.xlsx'
2026-02-09 09:09:18,522 [INFO] Sobrescrevendo: copiando 'PF Legado - Exercício 2026.xlsx' para 'W:\B - TED\7 - AUTOMAÇÃO\Banco de Dados\Financeiro\PF Legado - Exercício 2026.xlsx'
2026-02-09 09:09:18,645 [INFO] OK: Copiado 'C:\Users\juliodamasio\OneDrive - MEC-Ministério da Educação\Banco de Dados MEC\PF Legado - Exercício 2026.xlsx' → 'W:\B - TED\7 - AUTOMAÇÃO\Banco de Dados\Financeiro\PF Legado - Exercício 2026.xlsx'
2026-02-09 09:09:18,652 [INFO] Concluído.
2026-02-10 08:35:42,186 [INFO] Sobrescrevendo: copiando 'NC funcionando - EXERCÍCIO 2026.xlsx' para 'W:\B - TED\7 - AUTOMAÇÃO\NC e PF\NC funcionando - EXERCÍCIO 2026.xlsx'
2026-02-10 08:35:42,368 [INFO] OK: Copiado 'C:\Users\juliodamasio\OneDrive - MEC-Ministério da Educação\Banco de Dados MEC\NC funcionando - EXERCÍCIO 2026.xlsx' → 'W:\B - TED\7 - AUTOMAÇÃO\NC e PF\NC funcionando - EXERCÍCIO 2026.xlsx'
2026-02-10 08:35:42,389 [INFO] Sobrescrevendo: copiando 'NC funcionando - EXERCÍCIO 2026.xlsx' para 'W:\B - TED\7 - AUTOMAÇÃO\Banco de Dados\Orçamentário\NC funcionando - EXERCÍCIO 2026.xlsx'
2026-02-10 08:35:42,500 [INFO] OK: Copiado 'C:\Users\juliodamasio\OneDrive - MEC-Ministério da Educação\Banco de Dados MEC\NC funcionando - EXERCÍCIO 2026.xlsx' → 'W:\B - TED\7 - AUTOMAÇÃO\Banco de Dados\Orçamentário\NC funcionando - EXERCÍCIO 2026.xlsx'
2026-02-10 08:35:42,504 [INFO] Sobrescrevendo: copiando 'PF Legado - Exercício 2026.xlsx' para 'W:\B - TED\7 - AUTOMAÇÃO\NC e PF\PF Legado - Exercício 2026.xlsx'
2026-02-10 08:35:42,636 [INFO] OK: Copiado 'C:\Users\juliodamasio\OneDrive - MEC-Ministério da Educação\Banco de Dados MEC\PF Legado - Exercício 2026.xlsx' → 'W:\B - TED\7 - AUTOMAÇÃO\NC e PF\PF Legado - Exercício 2026.xlsx'
2026-02-10 08:35:42,638 [INFO] Sobrescrevendo: copiando 'PF Legado - Exercício 2026.xlsx' para 'W:\B - TED\7 - AUTOMAÇÃO\Banco de Dados\Financeiro\PF Legado - Exercício 2026.xlsx'
2026-02-10 08:35:42,803 [INFO] OK: Copiado 'C:\Users\juliodamasio\OneDrive - MEC-Ministério da Educação\Banco de Dados MEC\PF Legado - Exercício 2026.xlsx' → 'W:\B - TED\7 - AUTOMAÇÃO\Banco de Dados\Financeiro\PF Legado - Exercício 2026.xlsx'
2026-02-10 08:35:42,807 [INFO] Concluído.
2026-02-10 08:37:07,562 [INFO] Sobrescrevendo: copiando 'NC funcionando - EXERCÍCIO 2026.xlsx' para 'W:\B - TED\7 - AUTOMAÇÃO\NC e PF\NC funcionando - EXERCÍCIO 2026.xlsx'
2026-02-10 08:37:07,667 [INFO] OK: Copiado 'C:\Users\juliodamasio\OneDrive - MEC-Ministério da Educação\Banco de Dados MEC\NC funcionando - EXERCÍCIO 2026.xlsx' → 'W:\B - TED\7 - AUTOMAÇÃO\NC e PF\NC funcionando - EXERCÍCIO 2026.xlsx'
2026-02-10 08:37:07,682 [INFO] Sobrescrevendo: copiando 'NC funcionando - EXERCÍCIO 2026.xlsx' para 'W:\B - TED\7 - AUTOMAÇÃO\Banco de Dados\Orçamentário\NC funcionando - EXERCÍCIO 2026.xlsx'
2026-02-10 08:37:07,765 [INFO] OK: Copiado 'C:\Users\juliodamasio\OneDrive - MEC-Ministério da Educação\Banco de Dados MEC\NC funcionando - EXERCÍCIO 2026.xlsx' → 'W:\B - TED\7 - AUTOMAÇÃO\Banco de Dados\Orçamentário\NC funcionando - EXERCÍCIO 2026.xlsx'
2026-02-10 08:37:07,767 [INFO] Sobrescrevendo: copiando 'PF Legado - Exercício 2026.xlsx' para 'W:\B - TED\7 - AUTOMAÇÃO\NC e PF\PF Legado - Exercício 2026.xlsx'
2026-02-10 08:37:07,883 [INFO] OK: Copiado 'C:\Users\juliodamasio\OneDrive - MEC-Ministério da Educação\Banco de Dados MEC\PF Legado - Exercício 2026.xlsx' → 'W:\B - TED\7 - AUTOMAÇÃO\NC e PF\PF Legado - Exercício 2026.xlsx'
2026-02-10 08:37:07,883 [INFO] Sobrescrevendo: copiando 'PF Legado - Exercício 2026.xlsx' para 'W:\B - TED\7 - AUTOMAÇÃO\Banco de Dados\Financeiro\PF Legado - Exercício 2026.xlsx'
2026-02-10 08:37:08,048 [INFO] OK: Copiado 'C:\Users\juliodamasio\OneDrive - MEC-Ministério da Educação\Banco de Dados MEC\PF Legado - Exercício 2026.xlsx' → 'W:\B - TED\7 - AUTOMAÇÃO\Banco de Dados\Financeiro\PF Legado - Exercício 2026.xlsx'
2026-02-10 08:37:08,057 [INFO] Concluído.
