2026-02-03 16:51:47,904 [ERROR] Erro geral: 'NoneType' object has no attribute 'strip'
2026-02-03 16:56:37,610 [INFO] Alterado/diferente: copiando 'NC funcionando - EXERCÍCIO 2026.xlsx' para 'W:\B - TED\7 - AUTOMAÇÃO\NC e PF\NC funcionando - EXERCÍCIO 2026.xlsx'
2026-02-03 16:56:38,141 [INFO] OK: Copiado 'C:\Users\juliodamasio\OneDrive - MEC-Ministério da Educação\Banco de Dados MEC\NC funcionando - EXERCÍCIO 2026.xlsx' → 'W:\B - TED\7 - AUTOMAÇÃO\NC e PF\NC funcionando - EXERCÍCIO 2026.xlsx'
2026-02-03 16:56:38,152 [INFO] Alterado/diferente: copiando 'NC funcionando - EXERCÍCIO 2026.xlsx' para 'W:\B - TED\7 - AUTOMAÇÃO\Banco de Dados\Orçamentário\NC funcionando - EXERCÍCIO 2026.xlsx'
2026-02-03 16:56:38,235 [INFO] OK: Copiado 'C:\Users\juliodamasio\OneDrive - MEC-Ministério da Educação\Banco de Dados MEC\NC funcionando - EXERCÍCIO 2026.xlsx' → 'W:\B - TED\7 - AUTOMAÇÃO\Banco de Dados\Orçamentário\NC funcionando - EXERCÍCIO 2026.xlsx'
2026-02-03 16:56:38,245 [INFO] Alterado/diferente: copiando 'PF Legado - Exercício 2026.xlsx' para 'W:\B - TED\7 - AUTOMAÇÃO\NC e PF\PF Legado - Exercício 2026.xlsx'
2026-02-03 16:56:38,386 [INFO] OK: Copiado 'C:\Users\juliodamasio\OneDrive - MEC-Ministério da Educação\Banco de Dados MEC\PF Legado - Exercício 2026.xlsx' → 'W:\B - TED\7 - AUTOMAÇÃO\NC e PF\PF Legado - Exercício 2026.xlsx'
2026-02-03 16:56:38,396 [INFO] Alterado/diferente: copiando 'PF Legado - Exercício 2026.xlsx' para 'W:\B - TED\7 - AUTOMAÇÃO\Banco de Dados\Financeiro\PF Legado - Exercício 2026.xlsx'
2026-02-03 16:56:38,546 [INFO] OK: Copiado 'C:\Users\juliodamasio\OneDrive - MEC-Ministério da Educação\Banco de Dados MEC\PF Legado - Exercício 2026.xlsx' → 'W:\B - TED\7 - AUTOMAÇÃO\Banco de Dados\Financeiro\PF Legado - Exercício 2026.xlsx'
2026-02-03 16:56:38,588 [INFO] Concluído.
2026-02-04 09:26:12,103 [INFO] Alterado/diferente: copiando 'NC funcionando - EXERCÍCIO 2026.xlsx' para 'W:\B - TED\7 - AUTOMAÇÃO\NC e PF\NC funcionando - EXERCÍCIO 2026.xlsx'
2026-02-04 09:26:16,841 [INFO] OK: Copiado 'C:\Users\juliodamasio\OneDrive - MEC-Ministério da Educação\Banco de Dados MEC\NC funcionando - EXERCÍCIO 2026.xlsx' → 'W:\B - TED\7 - AUTOMAÇÃO\NC e PF\NC funcionando - EXERCÍCIO 2026.xlsx'
2026-02-04 09:26:18,990 [INFO] Igual: pulando 'W:\B - TED\7 - AUTOMAÇÃO\Banco de Dados\Orçamentário\NC funcionando - EXERCÍCIO 2026.xlsx' (sem mudanças)
2026-02-04 09:26:19,343 [INFO] Alterado/diferente: copiando 'PF Legado - Exercício 2026.xlsx' para 'W:\B - TED\7 - AUTOMAÇÃO\NC e PF\PF Legado - Exercício 2026.xlsx'
2026-02-04 09:26:20,734 [INFO] OK: Copiado 'C:\Users\juliodamasio\OneDrive - MEC-Ministério da Educação\Banco de Dados MEC\PF Legado - Exercício 2026.xlsx' → 'W:\B - TED\7 - AUTOMAÇÃO\NC e PF\PF Legado - Exercício 2026.xlsx'
2026-02-04 09:26:20,772 [INFO] Igual: pulando 'W:\B - TED\7 - AUTOMAÇÃO\Banco de Dados\Financeiro\PF Legado - Exercício 2026.xlsx' (sem mudanças)
2026-02-04 09:26:20,783 [INFO] Concluído.
2026-02-04 09:30:03,545 [INFO] Alterado/diferente: copiando 'NC funcionando - EXERCÍCIO 2026.xlsx' para 'W:\B - TED\7 - AUTOMAÇÃO\NC e PF\NC funcionando - EXERCÍCIO 2026.xlsx'
2026-02-04 09:30:04,329 [INFO] OK: Copiado 'C:\Users\juliodamasio\OneDrive - MEC-Ministério da Educação\Banco de Dados MEC\NC funcionando - EXERCÍCIO 2026.xlsx' → 'W:\B - TED\7 - AUTOMAÇÃO\NC e PF\NC funcionando - EXERCÍCIO 2026.xlsx'
2026-02-04 09:30:04,388 [INFO] Alterado/diferente: copiando 'NC funcionando - EXERCÍCIO 2026.xlsx' para 'W:\B - TED\7 - AUTOMAÇÃO\Banco de Dados\Orçamentário\NC funcionando - EXERCÍCIO 2026.xlsx'
2026-02-04 09:30:05,052 [INFO] OK: Copiado 'C:\Users\juliodamasio\OneDrive - MEC-Ministério da Educação\Banco de Dados MEC\NC funcionando - EXERCÍCIO 2026.xlsx' → 'W:\B - TED\7 - AUTOMAÇÃO\Banco de Dados\Orçamentário\NC funcionando - EXERCÍCIO 2026.xlsx'
2026-02-04 09:30:05,192 [INFO] Alterado/diferente: copiando 'PF Legado - Exercício 2026.xlsx' para 'W:\B - TED\7 - AUTOMAÇÃO\NC e PF\PF Legado - Exercício 2026.xlsx'
2026-02-04 09:30:06,219 [INFO] OK: Copiado 'C:\Users\juliodamasio\OneDrive - MEC-Ministério da Educação\Banco de Dados MEC\PF Legado - Exercício 2026.xlsx' → 'W:\B - TED\7 - AUTOMAÇÃO\NC e PF\PF Legado - Exercício 2026.xlsx'
2026-02-04 09:30:06,458 [INFO] Alterado/diferente: copiando 'PF Legado - Exercício 2026.xlsx' para 'W:\B - TED\7 - AUTOMAÇÃO\Banco de Dados\Financeiro\PF Legado - Exercício 2026.xlsx'
2026-02-04 09:30:07,371 [INFO] OK: Copiado 'C:\Users\juliodamasio\OneDrive - MEC-Ministério da Educação\Banco de Dados MEC\PF Legado - Exercício 2026.xlsx' → 'W:\B - TED\7 - AUTOMAÇÃO\Banco de Dados\Financeiro\PF Legado - Exercício 2026.xlsx'
2026-02-04 09:30:07,387 [INFO] Concluído.
2026-02-05 08:22:13,237 [INFO] Igual: pulando 'W:\B - TED\7 - AUTOMAÇÃO\NC e PF\NC funcionando - EXERCÍCIO 2026.xlsx' (sem mudanças)
2026-02-05 08:22:13,278 [INFO] Igual: pulando 'W:\B - TED\7 - AUTOMAÇÃO\Banco de Dados\Orçamentário\NC funcionando - EXERCÍCIO 2026.xlsx' (sem mudanças)
2026-02-05 08:22:13,292 [INFO] Igual: pulando 'W:\B - TED\7 - AUTOMAÇÃO\NC e PF\PF Legado - Exercício 2026.xlsx' (sem mudanças)
2026-02-05 08:22:13,311 [INFO] Igual: pulando 'W:\B - TED\7 - AUTOMAÇÃO\Banco de Dados\Financeiro\PF Legado - Exercício 2026.xlsx' (sem mudanças)
2026-02-05 08:22:13,315 [INFO] Concluído.
2026-02-05 08:27:12,923 [INFO] Alterado/diferente: copiando 'NC funcionando - EXERCÍCIO 2026.xlsx' para 'W:\B - TED\7 - AUTOMAÇÃO\NC e PF\NC funcionando - EXERCÍCIO 2026.xlsx'
2026-02-05 08:27:13,039 [INFO] OK: Copiado 'C:\Users\juliodamasio\OneDrive - MEC-Ministério da Educação\Banco de Dados MEC\NC funcionando - EXERCÍCIO 2026.xlsx' → 'W:\B - TED\7 - AUTOMAÇÃO\NC e PF\NC funcionando - EXERCÍCIO 2026.xlsx'
2026-02-05 08:27:13,056 [INFO] Alterado/diferente: copiando 'NC funcionando - EXERCÍCIO 2026.xlsx' para 'W:\B - TED\7 - AUTOMAÇÃO\Banco de Dados\Orçamentário\NC funcionando - EXERCÍCIO 2026.xlsx'
2026-02-05 08:27:13,139 [INFO] OK: Copiado 'C:\Users\juliodamasio\OneDrive - MEC-Ministério da Educação\Banco de Dados MEC\NC funcionando - EXERCÍCIO 2026.xlsx' → 'W:\B - TED\7 - AUTOMAÇÃO\Banco de Dados\Orçamentário\NC funcionando - EXERCÍCIO 2026.xlsx'
2026-02-05 08:27:13,189 [INFO] Alterado/diferente: copiando 'PF Legado - Exercício 2026.xlsx' para 'W:\B - TED\7 - AUTOMAÇÃO\NC e PF\PF Legado - Exercício 2026.xlsx'
2026-02-05 08:27:13,372 [INFO] OK: Copiado 'C:\Users\juliodamasio\OneDrive - MEC-Ministério da Educação\Banco de Dados MEC\PF Legado - Exercício 2026.xlsx' → 'W:\B - TED\7 - AUTOMAÇÃO\NC e PF\PF Legado - Exercício 2026.xlsx'
2026-02-05 08:27:13,407 [INFO] Alterado/diferente: copiando 'PF Legado - Exercício 2026.xlsx' para 'W:\B - TED\7 - AUTOMAÇÃO\Banco de Dados\Financeiro\PF Legado - Exercício 2026.xlsx'
2026-02-05 08:27:13,556 [INFO] OK: Copiado 'C:\Users\juliodamasio\OneDrive - MEC-Ministério da Educação\Banco de Dados MEC\PF Legado - Exercício 2026.xlsx' → 'W:\B - TED\7 - AUTOMAÇÃO\Banco de Dados\Financeiro\PF Legado - Exercício 2026.xlsx'
2026-02-05 08:27:13,573 [INFO] Concluído.
2026-02-06 07:40:18,598 [INFO] Alterado/diferente: copiando 'NC funcionando - EXERCÍCIO 2026.xlsx' para 'W:\B - TED\7 - AUTOMAÇÃO\NC e PF\NC funcionando - EXERCÍCIO 2026.xlsx'
2026-02-06 07:40:18,721 [WARNING] Falha ao copiar 'C:\Users\juliodamasio\OneDrive - MEC-Ministério da Educação\Banco de Dados MEC\NC funcionando - EXERCÍCIO 2026.xlsx' → 'W:\B - TED\7 - AUTOMAÇÃO\NC e PF\NC funcionando - EXERCÍCIO 2026.xlsx' (tentativa 1/3): [Errno 13] Permission denied: 'W:\\B - TED\\7 - AUTOMAÇÃO\\NC e PF\\NC funcionando - EXERCÍCIO 2026.xlsx'
2026-02-06 07:40:23,772 [WARNING] Falha ao copiar 'C:\Users\juliodamasio\OneDrive - MEC-Ministério da Educação\Banco de Dados MEC\NC funcionando - EXERCÍCIO 2026.xlsx' → 'W:\B - TED\7 - AUTOMAÇÃO\NC e PF\NC funcionando - EXERCÍCIO 2026.xlsx' (tentativa 2/3): [Errno 13] Permission denied: 'W:\\B - TED\\7 - AUTOMAÇÃO\\NC e PF\\NC funcionando - EXERCÍCIO 2026.xlsx'
2026-02-06 07:40:28,803 [WARNING] Falha ao copiar 'C:\Users\juliodamasio\OneDrive - MEC-Ministério da Educação\Banco de Dados MEC\NC funcionando - EXERCÍCIO 2026.xlsx' → 'W:\B - TED\7 - AUTOMAÇÃO\NC e PF\NC funcionando - EXERCÍCIO 2026.xlsx' (tentativa 3/3): [Errno 13] Permission denied: 'W:\\B - TED\\7 - AUTOMAÇÃO\\NC e PF\\NC funcionando - EXERCÍCIO 2026.xlsx'
2026-02-06 07:40:28,803 [ERROR] ERRO FINAL: não foi possível copiar 'C:\Users\juliodamasio\OneDrive - MEC-Ministério da Educação\Banco de Dados MEC\NC funcionando - EXERCÍCIO 2026.xlsx' → 'W:\B - TED\7 - AUTOMAÇÃO\NC e PF\NC funcionando - EXERCÍCIO 2026.xlsx' após 3 tentativas.
2026-02-06 07:40:28,816 [INFO] Alterado/diferente: copiando 'NC funcionando - EXERCÍCIO 2026.xlsx' para 'W:\B - TED\7 - AUTOMAÇÃO\Banco de Dados\Orçamentário\NC funcionando - EXERCÍCIO 2026.xlsx'
2026-02-06 07:40:28,888 [INFO] OK: Copiado 'C:\Users\juliodamasio\OneDrive - MEC-Ministério da Educação\Banco de Dados MEC\NC funcionando - EXERCÍCIO 2026.xlsx' → 'W:\B - TED\7 - AUTOMAÇÃO\Banco de Dados\Orçamentário\NC funcionando - EXERCÍCIO 2026.xlsx'
2026-02-06 07:40:28,888 [INFO] Alterado/diferente: copiando 'PF Legado - Exercício 2026.xlsx' para 'W:\B - TED\7 - AUTOMAÇÃO\NC e PF\PF Legado - Exercício 2026.xlsx'
2026-02-06 07:40:28,967 [INFO] OK: Copiado 'C:\Users\juliodamasio\OneDrive - MEC-Ministério da Educação\Banco de Dados MEC\PF Legado - Exercício 2026.xlsx' → 'W:\B - TED\7 - AUTOMAÇÃO\NC e PF\PF Legado - Exercício 2026.xlsx'
2026-02-06 07:40:28,967 [INFO] Alterado/diferente: copiando 'PF Legado - Exercício 2026.xlsx' para 'W:\B - TED\7 - AUTOMAÇÃO\Banco de Dados\Financeiro\PF Legado - Exercício 2026.xlsx'
2026-02-06 07:40:29,039 [INFO] OK: Copiado 'C:\Users\juliodamasio\OneDrive - MEC-Ministério da Educação\Banco de Dados MEC\PF Legado - Exercício 2026.xlsx' → 'W:\B - TED\7 - AUTOMAÇÃO\Banco de Dados\Financeiro\PF Legado - Exercício 2026.xlsx'
2026-02-06 07:40:29,039 [INFO] Concluído.
2026-02-06 08:07:18,839 [INFO] Alterado/diferente: copiando 'NC funcionando - EXERCÍCIO 2026.xlsx' para 'W:\B - TED\7 - AUTOMAÇÃO\NC e PF\NC funcionando - EXERCÍCIO 2026.xlsx'
2026-02-06 08:07:18,926 [WARNING] Falha ao copiar 'C:\Users\juliodamasio\OneDrive - MEC-Ministério da Educação\Banco de Dados MEC\NC funcionando - EXERCÍCIO 2026.xlsx' → 'W:\B - TED\7 - AUTOMAÇÃO\NC e PF\NC funcionando - EXERCÍCIO 2026.xlsx' (tentativa 1/3): [Errno 13] Permission denied: 'W:\\B - TED\\7 - AUTOMAÇÃO\\NC e PF\\NC funcionando - EXERCÍCIO 2026.xlsx'
2026-02-06 08:07:24,014 [WARNING] Falha ao copiar 'C:\Users\juliodamasio\OneDrive - MEC-Ministério da Educação\Banco de Dados MEC\NC funcionando - EXERCÍCIO 2026.xlsx' → 'W:\B - TED\7 - AUTOMAÇÃO\NC e PF\NC funcionando - EXERCÍCIO 2026.xlsx' (tentativa 2/3): [Errno 13] Permission denied: 'W:\\B - TED\\7 - AUTOMAÇÃO\\NC e PF\\NC funcionando - EXERCÍCIO 2026.xlsx'
2026-02-06 08:07:29,068 [WARNING] Falha ao copiar 'C:\Users\juliodamasio\OneDrive - MEC-Ministério da Educação\Banco de Dados MEC\NC funcionando - EXERCÍCIO 2026.xlsx' → 'W:\B - TED\7 - AUTOMAÇÃO\NC e PF\NC funcionando - EXERCÍCIO 2026.xlsx' (tentativa 3/3): [Errno 13] Permission denied: 'W:\\B - TED\\7 - AUTOMAÇÃO\\NC e PF\\NC funcionando - EXERCÍCIO 2026.xlsx'
2026-02-06 08:07:29,070 [ERROR] ERRO FINAL: não foi possível copiar 'C:\Users\juliodamasio\OneDrive - MEC-Ministério da Educação\Banco de Dados MEC\NC funcionando - EXERCÍCIO 2026.xlsx' → 'W:\B - TED\7 - AUTOMAÇÃO\NC e PF\NC funcionando - EXERCÍCIO 2026.xlsx' após 3 tentativas.
2026-02-06 08:07:29,079 [INFO] Igual: pulando 'W:\B - TED\7 - AUTOMAÇÃO\Banco de Dados\Orçamentário\NC funcionando - EXERCÍCIO 2026.xlsx' (sem mudanças)
2026-02-06 08:07:29,093 [INFO] Alterado/diferente: copiando 'PF Legado - Exercício 2026.xlsx' para 'W:\B - TED\7 - AUTOMAÇÃO\NC e PF\PF Legado - Exercício 2026.xlsx'
2026-02-06 08:07:29,245 [INFO] OK: Copiado 'C:\Users\juliodamasio\OneDrive - MEC-Ministério da Educação\Banco de Dados MEC\PF Legado - Exercício 2026.xlsx' → 'W:\B - TED\7 - AUTOMAÇÃO\NC e PF\PF Legado - Exercício 2026.xlsx'
2026-02-06 08:07:29,257 [INFO] Igual: pulando 'W:\B - TED\7 - AUTOMAÇÃO\Banco de Dados\Financeiro\PF Legado - Exercício 2026.xlsx' (sem mudanças)
2026-02-06 08:07:29,261 [INFO] Concluído.
2026-02-09 08:31:19,014 [INFO] Alterado/diferente: copiando 'NC funcionando - EXERCÍCIO 2026.xlsx' para 'W:\B - TED\7 - AUTOMAÇÃO\NC e PF\NC funcionando - EXERCÍCIO 2026.xlsx'
2026-02-09 08:31:19,258 [INFO] OK: Copiado 'C:\Users\juliodamasio\OneDrive - MEC-Ministério da Educação\Banco de Dados MEC\NC funcionando - EXERCÍCIO 2026.xlsx' → 'W:\B - TED\7 - AUTOMAÇÃO\NC e PF\NC funcionando - EXERCÍCIO 2026.xlsx'
2026-02-09 08:31:19,278 [INFO] Igual: pulando 'W:\B - TED\7 - AUTOMAÇÃO\Banco de Dados\Orçamentário\NC funcionando - EXERCÍCIO 2026.xlsx' (sem mudanças)
2026-02-09 08:31:19,292 [INFO] Igual: pulando 'W:\B - TED\7 - AUTOMAÇÃO\NC e PF\PF Legado - Exercício 2026.xlsx' (sem mudanças)
2026-02-09 08:31:19,310 [INFO] Igual: pulando 'W:\B - TED\7 - AUTOMAÇÃO\Banco de Dados\Financeiro\PF Legado - Exercício 2026.xlsx' (sem mudanças)
2026-02-09 08:31:19,318 [INFO] Concluído.
2026-02-09 08:31:48,426 [INFO] Alterado/diferente: copiando 'NC funcionando - EXERCÍCIO 2026.xlsx' para 'W:\B - TED\7 - AUTOMAÇÃO\NC e PF\NC funcionando - EXERCÍCIO 2026.xlsx'
2026-02-09 08:31:48,659 [INFO] OK: Copiado 'C:\Users\juliodamasio\OneDrive - MEC-Ministério da Educação\Banco de Dados MEC\NC funcionando - EXERCÍCIO 2026.xlsx' → 'W:\B - TED\7 - AUTOMAÇÃO\NC e PF\NC funcionando - EXERCÍCIO 2026.xlsx'
2026-02-09 08:31:48,714 [INFO] Igual: pulando 'W:\B - TED\7 - AUTOMAÇÃO\Banco de Dados\Orçamentário\NC funcionando - EXERCÍCIO 2026.xlsx' (sem mudanças)
2026-02-09 08:31:48,758 [INFO] Igual: pulando 'W:\B - TED\7 - AUTOMAÇÃO\NC e PF\PF Legado - Exercício 2026.xlsx' (sem mudanças)
2026-02-09 08:31:48,821 [INFO] Igual: pulando 'W:\B - TED\7 - AUTOMAÇÃO\Banco de Dados\Financeiro\PF Legado - Exercício 2026.xlsx' (sem mudanças)
2026-02-09 08:31:48,825 [INFO] Concluído.
2026-02-10 08:24:41,948 [INFO] Sobrescrevendo: copiando 'NC funcionando - EXERCÍCIO 2026.xlsx' para 'W:\B - TED\7 - AUTOMAÇÃO\NC e PF\NC funcionando - EXERCÍCIO 2026.xlsx'
2026-02-10 08:24:42,295 [INFO] OK: Copiado 'C:\Users\juliodamasio\OneDrive - MEC-Ministério da Educação\Banco de Dados MEC\NC funcionando - EXERCÍCIO 2026.xlsx' → 'W:\B - TED\7 - AUTOMAÇÃO\NC e PF\NC funcionando - EXERCÍCIO 2026.xlsx'
2026-02-10 08:24:42,315 [INFO] Sobrescrevendo: copiando 'NC funcionando - EXERCÍCIO 2026.xlsx' para 'W:\B - TED\7 - AUTOMAÇÃO\Banco de Dados\Orçamentário\NC funcionando - EXERCÍCIO 2026.xlsx'
2026-02-10 08:24:42,538 [INFO] OK: Copiado 'C:\Users\juliodamasio\OneDrive - MEC-Ministério da Educação\Banco de Dados MEC\NC funcionando - EXERCÍCIO 2026.xlsx' → 'W:\B - TED\7 - AUTOMAÇÃO\Banco de Dados\Orçamentário\NC funcionando - EXERCÍCIO 2026.xlsx'
2026-02-10 08:24:42,548 [INFO] Sobrescrevendo: copiando 'PF Legado - Exercício 2026.xlsx' para 'W:\B - TED\7 - AUTOMAÇÃO\NC e PF\PF Legado - Exercício 2026.xlsx'
2026-02-10 08:24:42,932 [INFO] OK: Copiado 'C:\Users\juliodamasio\OneDrive - MEC-Ministério da Educação\Banco de Dados MEC\PF Legado - Exercício 2026.xlsx' → 'W:\B - TED\7 - AUTOMAÇÃO\NC e PF\PF Legado - Exercício 2026.xlsx'
2026-02-10 08:24:42,936 [INFO] Sobrescrevendo: copiando 'PF Legado - Exercício 2026.xlsx' para 'W:\B - TED\7 - AUTOMAÇÃO\Banco de Dados\Financeiro\PF Legado - Exercício 2026.xlsx'
2026-02-10 08:24:43,310 [INFO] OK: Copiado 'C:\Users\juliodamasio\OneDrive - MEC-Ministério da Educação\Banco de Dados MEC\PF Legado - Exercício 2026.xlsx' → 'W:\B - TED\7 - AUTOMAÇÃO\Banco de Dados\Financeiro\PF Legado - Exercício 2026.xlsx'
2026-02-10 08:24:43,329 [INFO] Concluído.
2026-02-10 08:30:07,694 [INFO] Sobrescrevendo: copiando 'NC funcionando - EXERCÍCIO 2026.xlsx' para 'W:\B - TED\7 - AUTOMAÇÃO\NC e PF\NC funcionando - EXERCÍCIO 2026.xlsx'
2026-02-10 08:30:07,816 [INFO] OK: Copiado 'C:\Users\juliodamasio\OneDrive - MEC-Ministério da Educação\Banco de Dados MEC\NC funcionando - EXERCÍCIO 2026.xlsx' → 'W:\B - TED\7 - AUTOMAÇÃO\NC e PF\NC funcionando - EXERCÍCIO 2026.xlsx'
2026-02-10 08:30:07,822 [INFO] Sobrescrevendo: copiando 'NC funcionando - EXERCÍCIO 2026.xlsx' para 'W:\B - TED\7 - AUTOMAÇÃO\Banco de Dados\Orçamentário\NC funcionando - EXERCÍCIO 2026.xlsx'
2026-02-10 08:30:07,915 [INFO] OK: Copiado 'C:\Users\juliodamasio\OneDrive - MEC-Ministério da Educação\Banco de Dados MEC\NC funcionando - EXERCÍCIO 2026.xlsx' → 'W:\B - TED\7 - AUTOMAÇÃO\Banco de Dados\Orçamentário\NC funcionando - EXERCÍCIO 2026.xlsx'
2026-02-10 08:30:07,915 [INFO] Sobrescrevendo: copiando 'PF Legado - Exercício 2026.xlsx' para 'W:\B - TED\7 - AUTOMAÇÃO\NC e PF\PF Legado - Exercício 2026.xlsx'
2026-02-10 08:30:08,072 [INFO] OK: Copiado 'C:\Users\juliodamasio\OneDrive - MEC-Ministério da Educação\Banco de Dados MEC\PF Legado - Exercício 2026.xlsx' → 'W:\B - TED\7 - AUTOMAÇÃO\NC e PF\PF Legado - Exercício 2026.xlsx'
2026-02-10 08:30:08,072 [INFO] Sobrescrevendo: copiando 'PF Legado - Exercício 2026.xlsx' para 'W:\B - TED\7 - AUTOMAÇÃO\Banco de Dados\Financeiro\PF Legado - Exercício 2026.xlsx'
2026-02-10 08:30:08,232 [INFO] OK: Copiado 'C:\Users\juliodamasio\OneDrive - MEC-Ministério da Educação\Banco de Dados MEC\PF Legado - Exercício 2026.xlsx' → 'W:\B - TED\7 - AUTOMAÇÃO\Banco de Dados\Financeiro\PF Legado - Exercício 2026.xlsx'
2026-02-10 08:30:08,232 [INFO] Concluído.
2026-02-11 08:23:33,686 [INFO] Sobrescrevendo: copiando 'NC funcionando - EXERCÍCIO 2026.xlsx' para 'W:\B - TED\7 - AUTOMAÇÃO\NC e PF\NC funcionando - EXERCÍCIO 2026.xlsx'
2026-02-11 08:23:33,999 [INFO] OK: Copiado 'C:\Users\juliodamasio\OneDrive - MEC-Ministério da Educação\Banco de Dados MEC\NC funcionando - EXERCÍCIO 2026.xlsx' → 'W:\B - TED\7 - AUTOMAÇÃO\NC e PF\NC funcionando - EXERCÍCIO 2026.xlsx'
2026-02-11 08:23:34,049 [INFO] Sobrescrevendo: copiando 'NC funcionando - EXERCÍCIO 2026.xlsx' para 'W:\B - TED\7 - AUTOMAÇÃO\Banco de Dados\Orçamentário\NC funcionando - EXERCÍCIO 2026.xlsx'
2026-02-11 08:23:34,213 [INFO] OK: Copiado 'C:\Users\juliodamasio\OneDrive - MEC-Ministério da Educação\Banco de Dados MEC\NC funcionando - EXERCÍCIO 2026.xlsx' → 'W:\B - TED\7 - AUTOMAÇÃO\Banco de Dados\Orçamentário\NC funcionando - EXERCÍCIO 2026.xlsx'
2026-02-11 08:23:34,247 [INFO] Sobrescrevendo: copiando 'PF Legado - Exercício 2026.xlsx' para 'W:\B - TED\7 - AUTOMAÇÃO\NC e PF\PF Legado - Exercício 2026.xlsx'
2026-02-11 08:23:34,499 [INFO] OK: Copiado 'C:\Users\juliodamasio\OneDrive - MEC-Ministério da Educação\Banco de Dados MEC\PF Legado - Exercício 2026.xlsx' → 'W:\B - TED\7 - AUTOMAÇÃO\NC e PF\PF Legado - Exercício 2026.xlsx'
2026-02-11 08:23:34,509 [INFO] Sobrescrevendo: copiando 'PF Legado - Exercício 2026.xlsx' para 'W:\B - TED\7 - AUTOMAÇÃO\Banco de Dados\Financeiro\PF Legado - Exercício 2026.xlsx'
2026-02-11 08:23:34,681 [INFO] OK: Copiado 'C:\Users\juliodamasio\OneDrive - MEC-Ministério da Educação\Banco de Dados MEC\PF Legado - Exercício 2026.xlsx' → 'W:\B - TED\7 - AUTOMAÇÃO\Banco de Dados\Financeiro\PF Legado - Exercício 2026.xlsx'
2026-02-11 08:23:34,745 [INFO] Concluído.
2026-02-11 08:29:04,650 [INFO] Sobrescrevendo: copiando 'NC funcionando - EXERCÍCIO 2026.xlsx' para 'W:\B - TED\7 - AUTOMAÇÃO\NC e PF\NC funcionando - EXERCÍCIO 2026.xlsx'
2026-02-11 08:29:04,815 [INFO] OK: Copiado 'C:\Users\juliodamasio\OneDrive - MEC-Ministério da Educação\Banco de Dados MEC\NC funcionando - EXERCÍCIO 2026.xlsx' → 'W:\B - TED\7 - AUTOMAÇÃO\NC e PF\NC funcionando - EXERCÍCIO 2026.xlsx'
2026-02-11 08:29:04,831 [INFO] Sobrescrevendo: copiando 'NC funcionando - EXERCÍCIO 2026.xlsx' para 'W:\B - TED\7 - AUTOMAÇÃO\Banco de Dados\Orçamentário\NC funcionando - EXERCÍCIO 2026.xlsx'
2026-02-11 08:29:04,924 [INFO] OK: Copiado 'C:\Users\juliodamasio\OneDrive - MEC-Ministério da Educação\Banco de Dados MEC\NC funcionando - EXERCÍCIO 2026.xlsx' → 'W:\B - TED\7 - AUTOMAÇÃO\Banco de Dados\Orçamentário\NC funcionando - EXERCÍCIO 2026.xlsx'
2026-02-11 08:29:04,940 [INFO] Sobrescrevendo: copiando 'PF Legado - Exercício 2026.xlsx' para 'W:\B - TED\7 - AUTOMAÇÃO\NC e PF\PF Legado - Exercício 2026.xlsx'
2026-02-11 08:29:05,190 [INFO] OK: Copiado 'C:\Users\juliodamasio\OneDrive - MEC-Ministério da Educação\Banco de Dados MEC\PF Legado - Exercício 2026.xlsx' → 'W:\B - TED\7 - AUTOMAÇÃO\NC e PF\PF Legado - Exercício 2026.xlsx'
2026-02-11 08:29:05,198 [INFO] Sobrescrevendo: copiando 'PF Legado - Exercício 2026.xlsx' para 'W:\B - TED\7 - AUTOMAÇÃO\Banco de Dados\Financeiro\PF Legado - Exercício 2026.xlsx'
2026-02-11 08:29:05,415 [INFO] OK: Copiado 'C:\Users\juliodamasio\OneDrive - MEC-Ministério da Educação\Banco de Dados MEC\PF Legado - Exercício 2026.xlsx' → 'W:\B - TED\7 - AUTOMAÇÃO\Banco de Dados\Financeiro\PF Legado - Exercício 2026.xlsx'
2026-02-11 08:29:05,426 [INFO] Concluído.
2026-02-12 08:24:18,884 [INFO] Sobrescrevendo: copiando 'NC funcionando - EXERCÍCIO 2026.xlsx' para 'W:\B - TED\7 - AUTOMAÇÃO\NC e PF\NC funcionando - EXERCÍCIO 2026.xlsx'
2026-02-12 08:24:19,254 [INFO] OK: Copiado 'C:\Users\juliodamasio\OneDrive - MEC-Ministério da Educação\Banco de Dados MEC\NC funcionando - EXERCÍCIO 2026.xlsx' → 'W:\B - TED\7 - AUTOMAÇÃO\NC e PF\NC funcionando - EXERCÍCIO 2026.xlsx'
2026-02-12 08:24:19,262 [INFO] Sobrescrevendo: copiando 'NC funcionando - EXERCÍCIO 2026.xlsx' para 'W:\B - TED\7 - AUTOMAÇÃO\Banco de Dados\Orçamentário\NC funcionando - EXERCÍCIO 2026.xlsx'
2026-02-12 08:24:19,361 [INFO] OK: Copiado 'C:\Users\juliodamasio\OneDrive - MEC-Ministério da Educação\Banco de Dados MEC\NC funcionando - EXERCÍCIO 2026.xlsx' → 'W:\B - TED\7 - AUTOMAÇÃO\Banco de Dados\Orçamentário\NC funcionando - EXERCÍCIO 2026.xlsx'
2026-02-12 08:24:19,368 [INFO] Sobrescrevendo: copiando 'PF Legado - Exercício 2026.xlsx' para 'W:\B - TED\7 - AUTOMAÇÃO\NC e PF\PF Legado - Exercício 2026.xlsx'
2026-02-12 08:24:19,857 [INFO] OK: Copiado 'C:\Users\juliodamasio\OneDrive - MEC-Ministério da Educação\Banco de Dados MEC\PF Legado - Exercício 2026.xlsx' → 'W:\B - TED\7 - AUTOMAÇÃO\NC e PF\PF Legado - Exercício 2026.xlsx'
2026-02-12 08:24:19,861 [INFO] Sobrescrevendo: copiando 'PF Legado - Exercício 2026.xlsx' para 'W:\B - TED\7 - AUTOMAÇÃO\Banco de Dados\Financeiro\PF Legado - Exercício 2026.xlsx'
2026-02-12 08:24:20,006 [INFO] OK: Copiado 'C:\Users\juliodamasio\OneDrive - MEC-Ministério da Educação\Banco de Dados MEC\PF Legado - Exercício 2026.xlsx' → 'W:\B - TED\7 - AUTOMAÇÃO\Banco de Dados\Financeiro\PF Legado - Exercício 2026.xlsx'
2026-02-12 08:24:20,024 [INFO] Concluído.
2026-02-12 08:30:01,638 [INFO] Sobrescrevendo: copiando 'NC funcionando - EXERCÍCIO 2026.xlsx' para 'W:\B - TED\7 - AUTOMAÇÃO\NC e PF\NC funcionando - EXERCÍCIO 2026.xlsx'
2026-02-12 08:30:01,841 [INFO] OK: Copiado 'C:\Users\juliodamasio\OneDrive - MEC-Ministério da Educação\Banco de Dados MEC\NC funcionando - EXERCÍCIO 2026.xlsx' → 'W:\B - TED\7 - AUTOMAÇÃO\NC e PF\NC funcionando - EXERCÍCIO 2026.xlsx'
2026-02-12 08:30:01,909 [INFO] Sobrescrevendo: copiando 'NC funcionando - EXERCÍCIO 2026.xlsx' para 'W:\B - TED\7 - AUTOMAÇÃO\Banco de Dados\Orçamentário\NC funcionando - EXERCÍCIO 2026.xlsx'
2026-02-12 08:30:01,987 [INFO] OK: Copiado 'C:\Users\juliodamasio\OneDrive - MEC-Ministério da Educação\Banco de Dados MEC\NC funcionando - EXERCÍCIO 2026.xlsx' → 'W:\B - TED\7 - AUTOMAÇÃO\Banco de Dados\Orçamentário\NC funcionando - EXERCÍCIO 2026.xlsx'
2026-02-12 08:30:01,991 [INFO] Sobrescrevendo: copiando 'PF Legado - Exercício 2026.xlsx' para 'W:\B - TED\7 - AUTOMAÇÃO\NC e PF\PF Legado - Exercício 2026.xlsx'
2026-02-12 08:30:02,153 [INFO] OK: Copiado 'C:\Users\juliodamasio\OneDrive - MEC-Ministério da Educação\Banco de Dados MEC\PF Legado - Exercício 2026.xlsx' → 'W:\B - TED\7 - AUTOMAÇÃO\NC e PF\PF Legado - Exercício 2026.xlsx'
2026-02-12 08:30:02,157 [INFO] Sobrescrevendo: copiando 'PF Legado - Exercício 2026.xlsx' para 'W:\B - TED\7 - AUTOMAÇÃO\Banco de Dados\Financeiro\PF Legado - Exercício 2026.xlsx'
2026-02-12 08:30:02,308 [INFO] OK: Copiado 'C:\Users\juliodamasio\OneDrive - MEC-Ministério da Educação\Banco de Dados MEC\PF Legado - Exercício 2026.xlsx' → 'W:\B - TED\7 - AUTOMAÇÃO\Banco de Dados\Financeiro\PF Legado - Exercício 2026.xlsx'
2026-02-12 08:30:02,314 [INFO] Concluído.
2026-02-13 07:40:18,985 [INFO] Sobrescrevendo: copiando 'NC funcionando - EXERCÍCIO 2026.xlsx' para 'W:\B - TED\7 - AUTOMAÇÃO\NC e PF\NC funcionando - EXERCÍCIO 2026.xlsx'
2026-02-13 07:40:19,146 [INFO] OK: Copiado 'C:\Users\juliodamasio\OneDrive - MEC-Ministério da Educação\Banco de Dados MEC\NC funcionando - EXERCÍCIO 2026.xlsx' → 'W:\B - TED\7 - AUTOMAÇÃO\NC e PF\NC funcionando - EXERCÍCIO 2026.xlsx'
2026-02-13 07:40:19,150 [INFO] Sobrescrevendo: copiando 'NC funcionando - EXERCÍCIO 2026.xlsx' para 'W:\B - TED\7 - AUTOMAÇÃO\Banco de Dados\Orçamentário\NC funcionando - EXERCÍCIO 2026.xlsx'
2026-02-13 07:40:19,223 [INFO] OK: Copiado 'C:\Users\juliodamasio\OneDrive - MEC-Ministério da Educação\Banco de Dados MEC\NC funcionando - EXERCÍCIO 2026.xlsx' → 'W:\B - TED\7 - AUTOMAÇÃO\Banco de Dados\Orçamentário\NC funcionando - EXERCÍCIO 2026.xlsx'
2026-02-13 07:40:19,224 [INFO] Sobrescrevendo: copiando 'PF Legado - Exercício 2026.xlsx' para 'W:\B - TED\7 - AUTOMAÇÃO\NC e PF\PF Legado - Exercício 2026.xlsx'
2026-02-13 07:40:19,333 [INFO] OK: Copiado 'C:\Users\juliodamasio\OneDrive - MEC-Ministério da Educação\Banco de Dados MEC\PF Legado - Exercício 2026.xlsx' → 'W:\B - TED\7 - AUTOMAÇÃO\NC e PF\PF Legado - Exercício 2026.xlsx'
2026-02-13 07:40:19,333 [INFO] Sobrescrevendo: copiando 'PF Legado - Exercício 2026.xlsx' para 'W:\B - TED\7 - AUTOMAÇÃO\Banco de Dados\Financeiro\PF Legado - Exercício 2026.xlsx'
2026-02-13 07:40:19,463 [INFO] OK: Copiado 'C:\Users\juliodamasio\OneDrive - MEC-Ministério da Educação\Banco de Dados MEC\PF Legado - Exercício 2026.xlsx' → 'W:\B - TED\7 - AUTOMAÇÃO\Banco de Dados\Financeiro\PF Legado - Exercício 2026.xlsx'
2026-02-13 07:40:19,468 [INFO] Concluído.
2026-02-14 07:40:18,456 [INFO] Sobrescrevendo: copiando 'NC funcionando - EXERCÍCIO 2026.xlsx' para 'W:\B - TED\7 - AUTOMAÇÃO\NC e PF\NC funcionando - EXERCÍCIO 2026.xlsx'
2026-02-14 07:40:18,652 [INFO] OK: Copiado 'C:\Users\juliodamasio\OneDrive - MEC-Ministério da Educação\Banco de Dados MEC\NC funcionando - EXERCÍCIO 2026.xlsx' → 'W:\B - TED\7 - AUTOMAÇÃO\NC e PF\NC funcionando - EXERCÍCIO 2026.xlsx'
2026-02-14 07:40:18,655 [INFO] Sobrescrevendo: copiando 'NC funcionando - EXERCÍCIO 2026.xlsx' para 'W:\B - TED\7 - AUTOMAÇÃO\Banco de Dados\Orçamentário\NC funcionando - EXERCÍCIO 2026.xlsx'
2026-02-14 07:40:18,723 [INFO] OK: Copiado 'C:\Users\juliodamasio\OneDrive - MEC-Ministério da Educação\Banco de Dados MEC\NC funcionando - EXERCÍCIO 2026.xlsx' → 'W:\B - TED\7 - AUTOMAÇÃO\Banco de Dados\Orçamentário\NC funcionando - EXERCÍCIO 2026.xlsx'
2026-02-14 07:40:18,723 [INFO] Sobrescrevendo: copiando 'PF Legado - Exercício 2026.xlsx' para 'W:\B - TED\7 - AUTOMAÇÃO\NC e PF\PF Legado - Exercício 2026.xlsx'
2026-02-14 07:40:18,863 [INFO] OK: Copiado 'C:\Users\juliodamasio\OneDrive - MEC-Ministério da Educação\Banco de Dados MEC\PF Legado - Exercício 2026.xlsx' → 'W:\B - TED\7 - AUTOMAÇÃO\NC e PF\PF Legado - Exercício 2026.xlsx'
2026-02-14 07:40:18,865 [INFO] Sobrescrevendo: copiando 'PF Legado - Exercício 2026.xlsx' para 'W:\B - TED\7 - AUTOMAÇÃO\Banco de Dados\Financeiro\PF Legado - Exercício 2026.xlsx'
2026-02-14 07:40:18,967 [INFO] OK: Copiado 'C:\Users\juliodamasio\OneDrive - MEC-Ministério da Educação\Banco de Dados MEC\PF Legado - Exercício 2026.xlsx' → 'W:\B - TED\7 - AUTOMAÇÃO\Banco de Dados\Financeiro\PF Legado - Exercício 2026.xlsx'
2026-02-14 07:40:18,967 [INFO] Concluído.
2026-02-15 07:40:18,450 [INFO] Sobrescrevendo: copiando 'NC funcionando - EXERCÍCIO 2026.xlsx' para 'W:\B - TED\7 - AUTOMAÇÃO\NC e PF\NC funcionando - EXERCÍCIO 2026.xlsx'
2026-02-15 07:40:18,664 [INFO] OK: Copiado 'C:\Users\juliodamasio\OneDrive - MEC-Ministério da Educação\Banco de Dados MEC\NC funcionando - EXERCÍCIO 2026.xlsx' → 'W:\B - TED\7 - AUTOMAÇÃO\NC e PF\NC funcionando - EXERCÍCIO 2026.xlsx'
2026-02-15 07:40:18,664 [INFO] Sobrescrevendo: copiando 'NC funcionando - EXERCÍCIO 2026.xlsx' para 'W:\B - TED\7 - AUTOMAÇÃO\Banco de Dados\Orçamentário\NC funcionando - EXERCÍCIO 2026.xlsx'
2026-02-15 07:40:18,756 [INFO] OK: Copiado 'C:\Users\juliodamasio\OneDrive - MEC-Ministério da Educação\Banco de Dados MEC\NC funcionando - EXERCÍCIO 2026.xlsx' → 'W:\B - TED\7 - AUTOMAÇÃO\Banco de Dados\Orçamentário\NC funcionando - EXERCÍCIO 2026.xlsx'
2026-02-15 07:40:18,758 [INFO] Sobrescrevendo: copiando 'PF Legado - Exercício 2026.xlsx' para 'W:\B - TED\7 - AUTOMAÇÃO\NC e PF\PF Legado - Exercício 2026.xlsx'
2026-02-15 07:40:18,889 [INFO] OK: Copiado 'C:\Users\juliodamasio\OneDrive - MEC-Ministério da Educação\Banco de Dados MEC\PF Legado - Exercício 2026.xlsx' → 'W:\B - TED\7 - AUTOMAÇÃO\NC e PF\PF Legado - Exercício 2026.xlsx'
2026-02-15 07:40:18,889 [INFO] Sobrescrevendo: copiando 'PF Legado - Exercício 2026.xlsx' para 'W:\B - TED\7 - AUTOMAÇÃO\Banco de Dados\Financeiro\PF Legado - Exercício 2026.xlsx'
2026-02-15 07:40:19,011 [INFO] OK: Copiado 'C:\Users\juliodamasio\OneDrive - MEC-Ministério da Educação\Banco de Dados MEC\PF Legado - Exercício 2026.xlsx' → 'W:\B - TED\7 - AUTOMAÇÃO\Banco de Dados\Financeiro\PF Legado - Exercício 2026.xlsx'
2026-02-15 07:40:19,011 [INFO] Concluído.
2026-02-16 07:40:18,552 [INFO] Sobrescrevendo: copiando 'NC funcionando - EXERCÍCIO 2026.xlsx' para 'W:\B - TED\7 - AUTOMAÇÃO\NC e PF\NC funcionando - EXERCÍCIO 2026.xlsx'
2026-02-16 07:40:18,709 [INFO] OK: Copiado 'C:\Users\juliodamasio\OneDrive - MEC-Ministério da Educação\Banco de Dados MEC\NC funcionando - EXERCÍCIO 2026.xlsx' → 'W:\B - TED\7 - AUTOMAÇÃO\NC e PF\NC funcionando - EXERCÍCIO 2026.xlsx'
2026-02-16 07:40:18,709 [INFO] Sobrescrevendo: copiando 'NC funcionando - EXERCÍCIO 2026.xlsx' para 'W:\B - TED\7 - AUTOMAÇÃO\Banco de Dados\Orçamentário\NC funcionando - EXERCÍCIO 2026.xlsx'
2026-02-16 07:40:18,788 [INFO] OK: Copiado 'C:\Users\juliodamasio\OneDrive - MEC-Ministério da Educação\Banco de Dados MEC\NC funcionando - EXERCÍCIO 2026.xlsx' → 'W:\B - TED\7 - AUTOMAÇÃO\Banco de Dados\Orçamentário\NC funcionando - EXERCÍCIO 2026.xlsx'
2026-02-16 07:40:18,788 [INFO] Sobrescrevendo: copiando 'PF Legado - Exercício 2026.xlsx' para 'W:\B - TED\7 - AUTOMAÇÃO\NC e PF\PF Legado - Exercício 2026.xlsx'
2026-02-16 07:40:18,928 [INFO] OK: Copiado 'C:\Users\juliodamasio\OneDrive - MEC-Ministério da Educação\Banco de Dados MEC\PF Legado - Exercício 2026.xlsx' → 'W:\B - TED\7 - AUTOMAÇÃO\NC e PF\PF Legado - Exercício 2026.xlsx'
2026-02-16 07:40:18,928 [INFO] Sobrescrevendo: copiando 'PF Legado - Exercício 2026.xlsx' para 'W:\B - TED\7 - AUTOMAÇÃO\Banco de Dados\Financeiro\PF Legado - Exercício 2026.xlsx'
2026-02-16 07:40:19,060 [INFO] OK: Copiado 'C:\Users\juliodamasio\OneDrive - MEC-Ministério da Educação\Banco de Dados MEC\PF Legado - Exercício 2026.xlsx' → 'W:\B - TED\7 - AUTOMAÇÃO\Banco de Dados\Financeiro\PF Legado - Exercício 2026.xlsx'
2026-02-16 07:40:19,063 [INFO] Concluído.
2026-02-17 07:40:18,496 [INFO] Sobrescrevendo: copiando 'NC funcionando - EXERCÍCIO 2026.xlsx' para 'W:\B - TED\7 - AUTOMAÇÃO\NC e PF\NC funcionando - EXERCÍCIO 2026.xlsx'
2026-02-17 07:40:18,657 [INFO] OK: Copiado 'C:\Users\juliodamasio\OneDrive - MEC-Ministério da Educação\Banco de Dados MEC\NC funcionando - EXERCÍCIO 2026.xlsx' → 'W:\B - TED\7 - AUTOMAÇÃO\NC e PF\NC funcionando - EXERCÍCIO 2026.xlsx'
2026-02-17 07:40:18,661 [INFO] Sobrescrevendo: copiando 'NC funcionando - EXERCÍCIO 2026.xlsx' para 'W:\B - TED\7 - AUTOMAÇÃO\Banco de Dados\Orçamentário\NC funcionando - EXERCÍCIO 2026.xlsx'
2026-02-17 07:40:18,761 [INFO] OK: Copiado 'C:\Users\juliodamasio\OneDrive - MEC-Ministério da Educação\Banco de Dados MEC\NC funcionando - EXERCÍCIO 2026.xlsx' → 'W:\B - TED\7 - AUTOMAÇÃO\Banco de Dados\Orçamentário\NC funcionando - EXERCÍCIO 2026.xlsx'
2026-02-17 07:40:18,764 [INFO] Sobrescrevendo: copiando 'PF Legado - Exercício 2026.xlsx' para 'W:\B - TED\7 - AUTOMAÇÃO\NC e PF\PF Legado - Exercício 2026.xlsx'
2026-02-17 07:40:18,886 [INFO] OK: Copiado 'C:\Users\juliodamasio\OneDrive - MEC-Ministério da Educação\Banco de Dados MEC\PF Legado - Exercício 2026.xlsx' → 'W:\B - TED\7 - AUTOMAÇÃO\NC e PF\PF Legado - Exercício 2026.xlsx'
2026-02-17 07:40:18,890 [INFO] Sobrescrevendo: copiando 'PF Legado - Exercício 2026.xlsx' para 'W:\B - TED\7 - AUTOMAÇÃO\Banco de Dados\Financeiro\PF Legado - Exercício 2026.xlsx'
2026-02-17 07:40:18,948 [INFO] OK: Copiado 'C:\Users\juliodamasio\OneDrive - MEC-Ministério da Educação\Banco de Dados MEC\PF Legado - Exercício 2026.xlsx' → 'W:\B - TED\7 - AUTOMAÇÃO\Banco de Dados\Financeiro\PF Legado - Exercício 2026.xlsx'
2026-02-17 07:40:18,964 [INFO] Concluído.
2026-02-18 07:40:18,432 [INFO] Sobrescrevendo: copiando 'NC funcionando - EXERCÍCIO 2026.xlsx' para 'W:\B - TED\7 - AUTOMAÇÃO\NC e PF\NC funcionando - EXERCÍCIO 2026.xlsx'
2026-02-18 07:40:18,616 [INFO] OK: Copiado 'C:\Users\juliodamasio\OneDrive - MEC-Ministério da Educação\Banco de Dados MEC\NC funcionando - EXERCÍCIO 2026.xlsx' → 'W:\B - TED\7 - AUTOMAÇÃO\NC e PF\NC funcionando - EXERCÍCIO 2026.xlsx'
2026-02-18 07:40:18,622 [INFO] Sobrescrevendo: copiando 'NC funcionando - EXERCÍCIO 2026.xlsx' para 'W:\B - TED\7 - AUTOMAÇÃO\Banco de Dados\Orçamentário\NC funcionando - EXERCÍCIO 2026.xlsx'
2026-02-18 07:40:18,707 [INFO] OK: Copiado 'C:\Users\juliodamasio\OneDrive - MEC-Ministério da Educação\Banco de Dados MEC\NC funcionando - EXERCÍCIO 2026.xlsx' → 'W:\B - TED\7 - AUTOMAÇÃO\Banco de Dados\Orçamentário\NC funcionando - EXERCÍCIO 2026.xlsx'
2026-02-18 07:40:18,711 [INFO] Sobrescrevendo: copiando 'PF Legado - Exercício 2026.xlsx' para 'W:\B - TED\7 - AUTOMAÇÃO\NC e PF\PF Legado - Exercício 2026.xlsx'
2026-02-18 07:40:18,824 [INFO] OK: Copiado 'C:\Users\juliodamasio\OneDrive - MEC-Ministério da Educação\Banco de Dados MEC\PF Legado - Exercício 2026.xlsx' → 'W:\B - TED\7 - AUTOMAÇÃO\NC e PF\PF Legado - Exercício 2026.xlsx'
2026-02-18 07:40:18,840 [INFO] Sobrescrevendo: copiando 'PF Legado - Exercício 2026.xlsx' para 'W:\B - TED\7 - AUTOMAÇÃO\Banco de Dados\Financeiro\PF Legado - Exercício 2026.xlsx'
2026-02-18 07:40:18,995 [INFO] OK: Copiado 'C:\Users\juliodamasio\OneDrive - MEC-Ministério da Educação\Banco de Dados MEC\PF Legado - Exercício 2026.xlsx' → 'W:\B - TED\7 - AUTOMAÇÃO\Banco de Dados\Financeiro\PF Legado - Exercício 2026.xlsx'
2026-02-18 07:40:18,995 [INFO] Concluído.
2026-02-19 07:40:18,475 [INFO] Sobrescrevendo: copiando 'NC funcionando - EXERCÍCIO 2026.xlsx' para 'W:\B - TED\7 - AUTOMAÇÃO\NC e PF\NC funcionando - EXERCÍCIO 2026.xlsx'
2026-02-19 07:40:18,678 [INFO] OK: Copiado 'C:\Users\juliodamasio\OneDrive - MEC-Ministério da Educação\Banco de Dados MEC\NC funcionando - EXERCÍCIO 2026.xlsx' → 'W:\B - TED\7 - AUTOMAÇÃO\NC e PF\NC funcionando - EXERCÍCIO 2026.xlsx'
2026-02-19 07:40:18,684 [INFO] Sobrescrevendo: copiando 'NC funcionando - EXERCÍCIO 2026.xlsx' para 'W:\B - TED\7 - AUTOMAÇÃO\Banco de Dados\Orçamentário\NC funcionando - EXERCÍCIO 2026.xlsx'
2026-02-19 07:40:18,756 [INFO] OK: Copiado 'C:\Users\juliodamasio\OneDrive - MEC-Ministério da Educação\Banco de Dados MEC\NC funcionando - EXERCÍCIO 2026.xlsx' → 'W:\B - TED\7 - AUTOMAÇÃO\Banco de Dados\Orçamentário\NC funcionando - EXERCÍCIO 2026.xlsx'
2026-02-19 07:40:18,756 [INFO] Sobrescrevendo: copiando 'PF Legado - Exercício 2026.xlsx' para 'W:\B - TED\7 - AUTOMAÇÃO\NC e PF\PF Legado - Exercício 2026.xlsx'
2026-02-19 07:40:18,881 [INFO] OK: Copiado 'C:\Users\juliodamasio\OneDrive - MEC-Ministério da Educação\Banco de Dados MEC\PF Legado - Exercício 2026.xlsx' → 'W:\B - TED\7 - AUTOMAÇÃO\NC e PF\PF Legado - Exercício 2026.xlsx'
2026-02-19 07:40:18,881 [INFO] Sobrescrevendo: copiando 'PF Legado - Exercício 2026.xlsx' para 'W:\B - TED\7 - AUTOMAÇÃO\Banco de Dados\Financeiro\PF Legado - Exercício 2026.xlsx'
2026-02-19 07:40:18,958 [INFO] OK: Copiado 'C:\Users\juliodamasio\OneDrive - MEC-Ministério da Educação\Banco de Dados MEC\PF Legado - Exercício 2026.xlsx' → 'W:\B - TED\7 - AUTOMAÇÃO\Banco de Dados\Financeiro\PF Legado - Exercício 2026.xlsx'
2026-02-19 07:40:18,958 [INFO] Concluído.
